Arguments: 
  D:\node.exe G:\software\npm-global\node_modules\yarn\bin\yarn.js add --save-dev babel-preset-env

PATH: 
  C:\Program Files (x86)\Common Files\Intel\Shared Libraries\redist\intel64\compiler;C:\Python27\;C:\Python27\Scripts;C:\Program Files\Java\jdk1.8.0_161\bin;C:\ProgramData\Oracle\Java\javapath;C:\Windows\system32;C:\Windows;C:\Windows\System32\Wbem;C:\Windows\System32\WindowsPowerShell\v1.0\;C:\Users\Administrator\AppData\Roaming\nvm;C:\Program Files\nodejs;C:\Program Files\MySQL\MySQL Utilities 1.6\;G:\software\Git\cmd;C:\Program Files\Intel\WiFi\bin\;C:\Program Files\Common Files\Intel\WirelessCommon\;C:\Program Files (x86)\NVIDIA Corporation\PhysX\Common;C:\Users\Administrator\AppData\Local\Android\Sdk\platform-tools;C:\Users\Administrator\AppData\Local\Android\Sdk\tools;C:\ProgramData\chocolatey\bin;D:\;G:\git-repo\.bin;%MAVEN_HOME%\bin\;C:\Program Files\MongoDB\Server\4.0\bin\;C:\Users\Administrator\AppData\Local\Microsoft\WindowsApps;G:\software\npm-global;C:\Users\Administrator\AppData\Roaming\nvm;C:\Program Files\MySQL\MySQL Server 5.7\bin;C:\Program Files\Intel\WiFi\bin\;C:\Program Files\Common Files\Intel\WirelessCommon\;C:\Users\Administrator\AppData\Local\Android\Sdk\platform-tools;C:\Users\Administrator\AppData\Local\Android\Sdk\tools;C:\Python27;%ANDROID_HOME%\tools;C:\Users\Administrator\Documents\WeChat Files\wqiang00\Files\bin\Debug;C:\Users\Administrator\AppData\Roaming\npm;C:\Program Files\maven\bin\

Yarn version: 
  1.5.1

Node version: 
  8.12.0

Platform: 
  win32 x64

npm manifest: 
  {
    "name": "learnES6",
    "version": "1.0.0",
    "main": "index.js",
    "license": "MIT"
  }

yarn manifest: 
  No manifest

Lockfile: 
  No lockfile

Trace: 
  Error: Missing list of packages to add to your project.
      at new MessageError (G:\software\npm-global\node_modules\yarn\lib\cli.js:186:110)
      at Object.<anonymous> (G:\software\npm-global\node_modules\yarn\lib\cli.js:40587:13)
      at Generator.next (<anonymous>)
      at step (G:\software\npm-global\node_modules\yarn\lib\cli.js:98:30)
      at G:\software\npm-global\node_modules\yarn\lib\cli.js:116:14
      at new Promise (<anonymous>)
      at new F (G:\software\npm-global\node_modules\yarn\lib\cli.js:23451:28)
      at Object.<anonymous> (G:\software\npm-global\node_modules\yarn\lib\cli.js:95:12)
      at Object.run (G:\software\npm-global\node_modules\yarn\lib\cli.js:40599:19)
      at run (G:\software\npm-global\node_modules\yarn\lib\cli.js:89113:20)
