Arguments: 
  D:\node.exe G:\software\npm-global\node_modules\yarn\bin\yarn.js ls

PATH: 
  C:\Program Files (x86)\Common Files\Intel\Shared Libraries\redist\intel64\compiler;C:\Python27\;C:\Python27\Scripts;C:\Program Files\Java\jdk1.8.0_161\bin;C:\ProgramData\Oracle\Java\javapath;C:\Windows\system32;C:\Windows;C:\Windows\System32\Wbem;C:\Windows\System32\WindowsPowerShell\v1.0\;C:\Users\Administrator\AppData\Roaming\nvm;C:\Program Files\nodejs;C:\Program Files\MySQL\MySQL Utilities 1.6\;G:\software\Git\cmd;C:\Program Files\Intel\WiFi\bin\;C:\Program Files\Common Files\Intel\WirelessCommon\;C:\Program Files (x86)\NVIDIA Corporation\PhysX\Common;C:\Users\Administrator\AppData\Local\Android\Sdk\platform-tools;C:\Users\Administrator\AppData\Local\Android\Sdk\tools;C:\ProgramData\chocolatey\bin;D:\;G:\git-repo\.bin;%MAVEN_HOME%\bin\;C:\Program Files\MongoDB\Server\4.0\bin\;C:\Users\Administrator\AppData\Local\Microsoft\WindowsApps;G:\software\npm-global;C:\Users\Administrator\AppData\Roaming\nvm;C:\Program Files\MySQL\MySQL Server 5.7\bin;C:\Program Files\Intel\WiFi\bin\;C:\Program Files\Common Files\Intel\WirelessCommon\;C:\Users\Administrator\AppData\Local\Android\Sdk\platform-tools;C:\Users\Administrator\AppData\Local\Android\Sdk\tools;C:\Python27;%ANDROID_HOME%\tools;C:\Users\Administrator\Documents\WeChat Files\wqiang00\Files\bin\Debug;C:\Users\Administrator\AppData\Roaming\npm;C:\Program Files\maven\bin\

Yarn version: 
  1.5.1

Node version: 
  8.12.0

Platform: 
  win32 x64

npm manifest: 
  {
    "devDependencies": {
      "css-loader": "1.0.0",
      "extract-text-webpack-plugin": "^4.0.0-beta.0",
      "file-loader": "^3.0.1",
      "style-loader": "^0.23.1",
      "url-loader": "^1.1.2"
    }
  }

yarn manifest: 
  No manifest

Lockfile: 
  # THIS IS AN AUTOGENERATED FILE. DO NOT EDIT THIS FILE DIRECTLY.
  # yarn lockfile v1
  
  
  ajv-errors@^1.0.0:
    version "1.0.1"
    resolved "http://registry.npm.taobao.org/ajv-errors/download/ajv-errors-1.0.1.tgz#f35986aceb91afadec4102fbd85014950cefa64d"
  
  ajv-keywords@^3.1.0:
    version "3.4.0"
    resolved "http://registry.npm.taobao.org/ajv-keywords/download/ajv-keywords-3.4.0.tgz#4b831e7b531415a7cc518cd404e73f6193c6349d"
  
  ajv@^6.1.0:
    version "6.10.0"
    resolved "http://registry.npm.taobao.org/ajv/download/ajv-6.10.0.tgz#90d0d54439da587cd7e843bfb7045f50bd22bdf1"
    dependencies:
      fast-deep-equal "^2.0.1"
      fast-json-stable-stringify "^2.0.0"
      json-schema-traverse "^0.4.1"
      uri-js "^4.2.2"
  
  ansi-regex@^2.0.0:
    version "2.1.1"
    resolved "http://registry.npm.taobao.org/ansi-regex/download/ansi-regex-2.1.1.tgz#c3b33ab5ee360d86e0e628f0468ae7ef27d654df"
  
  ansi-styles@^2.2.1:
    version "2.2.1"
    resolved "http://registry.npm.taobao.org/ansi-styles/download/ansi-styles-2.2.1.tgz#b432dd3358b634cf75e1e4664368240533c1ddbe"
  
  ansi-styles@^3.2.1:
    version "3.2.1"
    resolved "http://registry.npm.taobao.org/ansi-styles/download/ansi-styles-3.2.1.tgz#41fbb20243e50b12be0f04b8dedbf07520ce841d"
    dependencies:
      color-convert "^1.9.0"
  
  async@^2.4.1:
    version "2.6.2"
    resolved "http://registry.npm.taobao.org/async/download/async-2.6.2.tgz?cache=0&other_urls=http%3A%2F%2Fregistry.npm.taobao.org%2Fasync%2Fdownload%2Fasync-2.6.2.tgz#18330ea7e6e313887f5d2f2a904bac6fe4dd5381"
    dependencies:
      lodash "^4.17.11"
  
  babel-code-frame@^6.26.0:
    version "6.26.0"
    resolved "http://registry.npm.taobao.org/babel-code-frame/download/babel-code-frame-6.26.0.tgz#63fd43f7dc1e3bb7ce35947db8fe369a3f58c74b"
    dependencies:
      chalk "^1.1.3"
      esutils "^2.0.2"
      js-tokens "^3.0.2"
  
  big.js@^5.2.2:
    version "5.2.2"
    resolved "http://registry.npm.taobao.org/big.js/download/big.js-5.2.2.tgz#65f0af382f578bcdc742bd9c281e9cb2d7768328"
  
  chalk@^1.1.3:
    version "1.1.3"
    resolved "http://registry.npm.taobao.org/chalk/download/chalk-1.1.3.tgz#a8115c55e4a702fe4d150abd3872822a7e09fc98"
    dependencies:
      ansi-styles "^2.2.1"
      escape-string-regexp "^1.0.2"
      has-ansi "^2.0.0"
      strip-ansi "^3.0.0"
      supports-color "^2.0.0"
  
  chalk@^2.4.1:
    version "2.4.2"
    resolved "http://registry.npm.taobao.org/chalk/download/chalk-2.4.2.tgz#cd42541677a54333cf541a49108c1432b44c9424"
    dependencies:
      ansi-styles "^3.2.1"
      escape-string-regexp "^1.0.5"
      supports-color "^5.3.0"
  
  color-convert@^1.9.0:
    version "1.9.3"
    resolved "http://registry.npm.taobao.org/color-convert/download/color-convert-1.9.3.tgz#bb71850690e1f136567de629d2d5471deda4c1e8"
    dependencies:
      color-name "1.1.3"
  
  color-name@1.1.3:
    version "1.1.3"
    resolved "http://registry.npm.taobao.org/color-name/download/color-name-1.1.3.tgz#a7d0558bd89c42f795dd42328f740831ca53bc25"
  
  css-loader@1.0.0:
    version "1.0.0"
    resolved "http://registry.npm.taobao.org/css-loader/download/css-loader-1.0.0.tgz?cache=0&other_urls=http%3A%2F%2Fregistry.npm.taobao.org%2Fcss-loader%2Fdownload%2Fcss-loader-1.0.0.tgz#9f46aaa5ca41dbe31860e3b62b8e23c42916bf56"
    dependencies:
      babel-code-frame "^6.26.0"
      css-selector-tokenizer "^0.7.0"
      icss-utils "^2.1.0"
      loader-utils "^1.0.2"
      lodash.camelcase "^4.3.0"
      postcss "^6.0.23"
      postcss-modules-extract-imports "^1.2.0"
      postcss-modules-local-by-default "^1.2.0"
      postcss-modules-scope "^1.1.0"
      postcss-modules-values "^1.3.0"
      postcss-value-parser "^3.3.0"
      source-list-map "^2.0.0"
  
  css-selector-tokenizer@^0.7.0:
    version "0.7.1"
    resolved "http://registry.npm.taobao.org/css-selector-tokenizer/download/css-selector-tokenizer-0.7.1.tgz#a177271a8bca5019172f4f891fc6eed9cbf68d5d"
    dependencies:
      cssesc "^0.1.0"
      fastparse "^1.1.1"
      regexpu-core "^1.0.0"
  
  cssesc@^0.1.0:
    version "0.1.0"
    resolved "http://registry.npm.taobao.org/cssesc/download/cssesc-0.1.0.tgz#c814903e45623371a0477b40109aaafbeeaddbb4"
  
  emojis-list@^2.0.0:
    version "2.1.0"
    resolved "http://registry.npm.taobao.org/emojis-list/download/emojis-list-2.1.0.tgz#4daa4d9db00f9819880c79fa457ae5b09a1fd389"
  
  escape-string-regexp@^1.0.2, escape-string-regexp@^1.0.5:
    version "1.0.5"
    resolved "http://registry.npm.taobao.org/escape-string-regexp/download/escape-string-regexp-1.0.5.tgz#1b61c0562190a8dff6ae3bb2cf0200ca130b86d4"
  
  esutils@^2.0.2:
    version "2.0.2"
    resolved "http://registry.npm.taobao.org/esutils/download/esutils-2.0.2.tgz#0abf4f1caa5bcb1f7a9d8acc6dea4faaa04bac9b"
  
  extract-text-webpack-plugin@^4.0.0-beta.0:
    version "4.0.0-beta.0"
    resolved "http://registry.npm.taobao.org/extract-text-webpack-plugin/download/extract-text-webpack-plugin-4.0.0-beta.0.tgz#f7361d7ff430b42961f8d1321ba8c1757b5d4c42"
    dependencies:
      async "^2.4.1"
      loader-utils "^1.1.0"
      schema-utils "^0.4.5"
      webpack-sources "^1.1.0"
  
  fast-deep-equal@^2.0.1:
    version "2.0.1"
    resolved "http://registry.npm.taobao.org/fast-deep-equal/download/fast-deep-equal-2.0.1.tgz#7b05218ddf9667bf7f370bf7fdb2cb15fdd0aa49"
  
  fast-json-stable-stringify@^2.0.0:
    version "2.0.0"
    resolved "http://registry.npm.taobao.org/fast-json-stable-stringify/download/fast-json-stable-stringify-2.0.0.tgz#d5142c0caee6b1189f87d3a76111064f86c8bbf2"
  
  fastparse@^1.1.1:
    version "1.1.2"
    resolved "http://registry.npm.taobao.org/fastparse/download/fastparse-1.1.2.tgz#91728c5a5942eced8531283c79441ee4122c35a9"
  
  file-loader@^3.0.1:
    version "3.0.1"
    resolved "http://registry.npm.taobao.org/file-loader/download/file-loader-3.0.1.tgz#f8e0ba0b599918b51adfe45d66d1e771ad560faa"
    dependencies:
      loader-utils "^1.0.2"
      schema-utils "^1.0.0"
  
  has-ansi@^2.0.0:
    version "2.0.0"
    resolved "http://registry.npm.taobao.org/has-ansi/download/has-ansi-2.0.0.tgz#34f5049ce1ecdf2b0649af3ef24e45ed35416d91"
    dependencies:
      ansi-regex "^2.0.0"
  
  has-flag@^3.0.0:
    version "3.0.0"
    resolved "http://registry.npm.taobao.org/has-flag/download/has-flag-3.0.0.tgz#b5d454dc2199ae225699f3467e5a07f3b955bafd"
  
  icss-replace-symbols@^1.1.0:
    version "1.1.0"
    resolved "http://registry.npm.taobao.org/icss-replace-symbols/download/icss-replace-symbols-1.1.0.tgz#06ea6f83679a7749e386cfe1fe812ae5db223ded"
  
  icss-utils@^2.1.0:
    version "2.1.0"
    resolved "http://registry.npm.taobao.org/icss-utils/download/icss-utils-2.1.0.tgz#83f0a0ec378bf3246178b6c2ad9136f135b1c962"
    dependencies:
      postcss "^6.0.1"
  
  js-tokens@^3.0.2:
    version "3.0.2"
    resolved "http://registry.npm.taobao.org/js-tokens/download/js-tokens-3.0.2.tgz#9866df395102130e38f7f996bceb65443209c25b"
  
  jsesc@~0.5.0:
    version "0.5.0"
    resolved "http://registry.npm.taobao.org/jsesc/download/jsesc-0.5.0.tgz#e7dee66e35d6fc16f710fe91d5cf69f70f08911d"
  
  json-schema-traverse@^0.4.1:
    version "0.4.1"
    resolved "http://registry.npm.taobao.org/json-schema-traverse/download/json-schema-traverse-0.4.1.tgz#69f6a87d9513ab8bb8fe63bdb0979c448e684660"
  
  json5@^1.0.1:
    version "1.0.1"
    resolved "http://registry.npm.taobao.org/json5/download/json5-1.0.1.tgz#779fb0018604fa854eacbf6252180d83543e3dbe"
    dependencies:
      minimist "^1.2.0"
  
  loader-utils@^1.0.2, loader-utils@^1.1.0:
    version "1.2.3"
    resolved "http://registry.npm.taobao.org/loader-utils/download/loader-utils-1.2.3.tgz#1ff5dc6911c9f0a062531a4c04b609406108c2c7"
    dependencies:
      big.js "^5.2.2"
      emojis-list "^2.0.0"
      json5 "^1.0.1"
  
  lodash.camelcase@^4.3.0:
    version "4.3.0"
    resolved "http://registry.npm.taobao.org/lodash.camelcase/download/lodash.camelcase-4.3.0.tgz#b28aa6288a2b9fc651035c7711f65ab6190331a6"
  
  lodash@^4.17.11:
    version "4.17.11"
    resolved "http://registry.npm.taobao.org/lodash/download/lodash-4.17.11.tgz?cache=0&other_urls=http%3A%2F%2Fregistry.npm.taobao.org%2Flodash%2Fdownload%2Flodash-4.17.11.tgz#b39ea6229ef607ecd89e2c8df12536891cac9b8d"
  
  mime@^2.0.3:
    version "2.4.0"
    resolved "http://registry.npm.taobao.org/mime/download/mime-2.4.0.tgz#e051fd881358585f3279df333fe694da0bcffdd6"
  
  minimist@^1.2.0:
    version "1.2.0"
    resolved "http://registry.npm.taobao.org/minimist/download/minimist-1.2.0.tgz#a35008b20f41383eec1fb914f4cd5df79a264284"
  
  postcss-modules-extract-imports@^1.2.0:
    version "1.2.1"
    resolved "http://registry.npm.taobao.org/postcss-modules-extract-imports/download/postcss-modules-extract-imports-1.2.1.tgz#dc87e34148ec7eab5f791f7cd5849833375b741a"
    dependencies:
      postcss "^6.0.1"
  
  postcss-modules-local-by-default@^1.2.0:
    version "1.2.0"
    resolved "http://registry.npm.taobao.org/postcss-modules-local-by-default/download/postcss-modules-local-by-default-1.2.0.tgz#f7d80c398c5a393fa7964466bd19500a7d61c069"
    dependencies:
      css-selector-tokenizer "^0.7.0"
      postcss "^6.0.1"
  
  postcss-modules-scope@^1.1.0:
    version "1.1.0"
    resolved "http://registry.npm.taobao.org/postcss-modules-scope/download/postcss-modules-scope-1.1.0.tgz#d6ea64994c79f97b62a72b426fbe6056a194bb90"
    dependencies:
      css-selector-tokenizer "^0.7.0"
      postcss "^6.0.1"
  
  postcss-modules-values@^1.3.0:
    version "1.3.0"
    resolved "http://registry.npm.taobao.org/postcss-modules-values/download/postcss-modules-values-1.3.0.tgz#ecffa9d7e192518389f42ad0e83f72aec456ea20"
    dependencies:
      icss-replace-symbols "^1.1.0"
      postcss "^6.0.1"
  
  postcss-value-parser@^3.3.0:
    version "3.3.1"
    resolved "http://registry.npm.taobao.org/postcss-value-parser/download/postcss-value-parser-3.3.1.tgz#9ff822547e2893213cf1c30efa51ac5fd1ba8281"
  
  postcss@^6.0.1, postcss@^6.0.23:
    version "6.0.23"
    resolved "http://registry.npm.taobao.org/postcss/download/postcss-6.0.23.tgz?cache=0&other_urls=http%3A%2F%2Fregistry.npm.taobao.org%2Fpostcss%2Fdownload%2Fpostcss-6.0.23.tgz#61c82cc328ac60e677645f979054eb98bc0e3324"
    dependencies:
      chalk "^2.4.1"
      source-map "^0.6.1"
      supports-color "^5.4.0"
  
  punycode@^2.1.0:
    version "2.1.1"
    resolved "http://registry.npm.taobao.org/punycode/download/punycode-2.1.1.tgz#b58b010ac40c22c5657616c8d2c2c02c7bf479ec"
  
  regenerate@^1.2.1:
    version "1.4.0"
    resolved "http://registry.npm.taobao.org/regenerate/download/regenerate-1.4.0.tgz#4a856ec4b56e4077c557589cae85e7a4c8869a11"
  
  regexpu-core@^1.0.0:
    version "1.0.0"
    resolved "http://registry.npm.taobao.org/regexpu-core/download/regexpu-core-1.0.0.tgz#86a763f58ee4d7c2f6b102e4764050de7ed90c6b"
    dependencies:
      regenerate "^1.2.1"
      regjsgen "^0.2.0"
      regjsparser "^0.1.4"
  
  regjsgen@^0.2.0:
    version "0.2.0"
    resolved "http://registry.npm.taobao.org/regjsgen/download/regjsgen-0.2.0.tgz#6c016adeac554f75823fe37ac05b92d5a4edb1f7"
  
  regjsparser@^0.1.4:
    version "0.1.5"
    resolved "http://registry.npm.taobao.org/regjsparser/download/regjsparser-0.1.5.tgz#7ee8f84dc6fa792d3fd0ae228d24bd949ead205c"
    dependencies:
      jsesc "~0.5.0"
  
  schema-utils@^0.4.5:
    version "0.4.7"
    resolved "http://registry.npm.taobao.org/schema-utils/download/schema-utils-0.4.7.tgz#ba74f597d2be2ea880131746ee17d0a093c68187"
    dependencies:
      ajv "^6.1.0"
      ajv-keywords "^3.1.0"
  
  schema-utils@^1.0.0:
    version "1.0.0"
    resolved "http://registry.npm.taobao.org/schema-utils/download/schema-utils-1.0.0.tgz#0b79a93204d7b600d4b2850d1f66c2a34951c770"
    dependencies:
      ajv "^6.1.0"
      ajv-errors "^1.0.0"
      ajv-keywords "^3.1.0"
  
  source-list-map@^2.0.0:
    version "2.0.1"
    resolved "http://registry.npm.taobao.org/source-list-map/download/source-list-map-2.0.1.tgz#3993bd873bfc48479cca9ea3a547835c7c154b34"
  
  source-map@^0.6.1, source-map@~0.6.1:
    version "0.6.1"
    resolved "http://registry.npm.taobao.org/source-map/download/source-map-0.6.1.tgz?cache=0&other_urls=http%3A%2F%2Fregistry.npm.taobao.org%2Fsource-map%2Fdownload%2Fsource-map-0.6.1.tgz#74722af32e9614e9c287a8d0bbde48b5e2f1a263"
  
  strip-ansi@^3.0.0:
    version "3.0.1"
    resolved "http://registry.npm.taobao.org/strip-ansi/download/strip-ansi-3.0.1.tgz#6a385fb8853d952d5ff05d0e8aaf94278dc63dcf"
    dependencies:
      ansi-regex "^2.0.0"
  
  style-loader@^0.23.1:
    version "0.23.1"
    resolved "http://registry.npm.taobao.org/style-loader/download/style-loader-0.23.1.tgz#cb9154606f3e771ab6c4ab637026a1049174d925"
    dependencies:
      loader-utils "^1.1.0"
      schema-utils "^1.0.0"
  
  supports-color@^2.0.0:
    version "2.0.0"
    resolved "http://registry.npm.taobao.org/supports-color/download/supports-color-2.0.0.tgz#535d045ce6b6363fa40117084629995e9df324c7"
  
  supports-color@^5.3.0, supports-color@^5.4.0:
    version "5.5.0"
    resolved "http://registry.npm.taobao.org/supports-color/download/supports-color-5.5.0.tgz#e2e69a44ac8772f78a1ec0b35b689df6530efc8f"
    dependencies:
      has-flag "^3.0.0"
  
  uri-js@^4.2.2:
    version "4.2.2"
    resolved "http://registry.npm.taobao.org/uri-js/download/uri-js-4.2.2.tgz#94c540e1ff772956e2299507c010aea6c8838eb0"
    dependencies:
      punycode "^2.1.0"
  
  url-loader@^1.1.2:
    version "1.1.2"
    resolved "http://registry.npm.taobao.org/url-loader/download/url-loader-1.1.2.tgz#b971d191b83af693c5e3fea4064be9e1f2d7f8d8"
    dependencies:
      loader-utils "^1.1.0"
      mime "^2.0.3"
      schema-utils "^1.0.0"
  
  webpack-sources@^1.1.0:
    version "1.3.0"
    resolved "http://registry.npm.taobao.org/webpack-sources/download/webpack-sources-1.3.0.tgz#2a28dcb9f1f45fe960d8f1493252b5ee6530fa85"
    dependencies:
      source-list-map "^2.0.0"
      source-map "~0.6.1"

Trace: 
  Error: Command "ls" not found.
      at new MessageError (G:\software\npm-global\node_modules\yarn\lib\cli.js:186:110)
      at G:\software\npm-global\node_modules\yarn\lib\cli.js:87307:17
      at Generator.next (<anonymous>)
      at step (G:\software\npm-global\node_modules\yarn\lib\cli.js:98:30)
      at G:\software\npm-global\node_modules\yarn\lib\cli.js:116:14
      at new Promise (<anonymous>)
      at new F (G:\software\npm-global\node_modules\yarn\lib\cli.js:23451:28)
      at G:\software\npm-global\node_modules\yarn\lib\cli.js:95:12
      at runCommand (G:\software\npm-global\node_modules\yarn\lib\cli.js:87312:22)
      at Object.<anonymous> (G:\software\npm-global\node_modules\yarn\lib\cli.js:87412:14)
